<?xml version="1.0" encoding="UTF-8"?>
<testng-results skipped="0" failed="0" ignored="0" total="1" passed="1">
  <reporter-output>
  </reporter-output>
  <suite name="Default suite" duration-ms="77175" started-at="2017-12-10T10:14:20Z" finished-at="2017-12-10T10:15:37Z">
    <groups>
    </groups>
    <test name="Default test" duration-ms="77175" started-at="2017-12-10T10:14:20Z" finished-at="2017-12-10T10:15:37Z">
      <class name="openshopio.tests.SegundoTeste">
        <test-method status="PASS" signature="SetUp()[pri:0, instance:openshopio.tests.SegundoTeste@15ca7889]" name="SetUp" is-config="true" duration-ms="51770" started-at="2017-12-10T11:14:20Z" finished-at="2017-12-10T11:15:12Z">
          <reporter-output>
          </reporter-output>
        </test-method> <!-- SetUp -->
        <test-method status="PASS" signature="PrimeiroTeste()[pri:0, instance:openshopio.tests.SegundoTeste@15ca7889]" name="PrimeiroTeste" duration-ms="25286" started-at="2017-12-10T11:15:12Z" finished-at="2017-12-10T11:15:37Z">
          <reporter-output>
          </reporter-output>
        </test-method> <!-- PrimeiroTeste -->
      </class> <!-- openshopio.tests.SegundoTeste -->
    </test> <!-- Default test -->
  </suite> <!-- Default suite -->
</testng-results>
