<?xml version="1.0" encoding="UTF-8"?>
<testng-results skipped="0" failed="0" ignored="0" total="1" passed="1">
  <reporter-output>
  </reporter-output>
  <suite name="Default suite" duration-ms="48274" started-at="2017-12-08T11:58:05Z" finished-at="2017-12-08T11:58:53Z">
    <groups>
    </groups>
    <test name="Default test" duration-ms="48274" started-at="2017-12-08T11:58:05Z" finished-at="2017-12-08T11:58:53Z">
      <class name="mtp.com.br.SegundoTeste">
        <test-method status="PASS" signature="SetUp()[pri:0, instance:mtp.com.br.SegundoTeste@15ca7889]" name="SetUp" is-config="true" duration-ms="30624" started-at="2017-12-08T12:58:05Z" finished-at="2017-12-08T12:58:36Z">
          <reporter-output>
          </reporter-output>
        </test-method> <!-- SetUp -->
        <test-method status="PASS" signature="PrimeiroTestex()[pri:0, instance:mtp.com.br.SegundoTeste@15ca7889]" name="PrimeiroTestex" duration-ms="17537" started-at="2017-12-08T12:58:36Z" finished-at="2017-12-08T12:58:53Z">
          <reporter-output>
          </reporter-output>
        </test-method> <!-- PrimeiroTestex -->
      </class> <!-- mtp.com.br.SegundoTeste -->
    </test> <!-- Default test -->
  </suite> <!-- Default suite -->
</testng-results>
